::1 - - [13/Oct/2020:17:28:46 +0000] "OPTIONS /admin/system-info HTTP/1.1" 200 8 "http://localhost:3000/system-info" "Mozilla/5.0 (X11; Linux x86_64) AppleWebKit/537.36 (KHTML, like Gecko) Chrome/87.0.4280.11 Safari/537.36"
::1 - - [13/Oct/2020:17:28:46 +0000] "GET /admin/system-info HTTP/1.1" 200 272 "http://localhost:3000/system-info" "Mozilla/5.0 (X11; Linux x86_64) AppleWebKit/537.36 (KHTML, like Gecko) Chrome/87.0.4280.11 Safari/537.36"
::1 - - [13/Oct/2020:17:36:35 +0000] "OPTIONS /admin/system-info HTTP/1.1" 200 8 "http://localhost:3000/system-info" "Mozilla/5.0 (X11; Linux x86_64) AppleWebKit/537.36 (KHTML, like Gecko) Chrome/87.0.4280.11 Safari/537.36"
::1 - - [13/Oct/2020:17:36:35 +0000] "GET /admin/system-info HTTP/1.1" 200 272 "http://localhost:3000/system-info" "Mozilla/5.0 (X11; Linux x86_64) AppleWebKit/537.36 (KHTML, like Gecko) Chrome/87.0.4280.11 Safari/537.36"
::1 - - [13/Oct/2020:17:36:37 +0000] "OPTIONS /admin/download-logs HTTP/1.1" 200 8 "http://localhost:3000/system-info" "Mozilla/5.0 (X11; Linux x86_64) AppleWebKit/537.36 (KHTML, like Gecko) Chrome/87.0.4280.11 Safari/537.36"
::1 - - [13/Oct/2020:17:36:37 +0000] "GET /admin/download-logs HTTP/1.1" 200 - "http://localhost:3000/system-info" "Mozilla/5.0 (X11; Linux x86_64) AppleWebKit/537.36 (KHTML, like Gecko) Chrome/87.0.4280.11 Safari/537.36"
::1 - - [14/Oct/2020:15:28:02 +0000] "POST /admin/login HTTP/1.1" 200 240 "-" "PostmanRuntime/7.26.5"
::1 - - [14/Oct/2020:15:29:08 +0000] "GET /admin/final-results HTTP/1.1" 404 158 "-" "PostmanRuntime/7.26.5"
::1 - - [14/Oct/2020:15:29:40 +0000] "GET /admin/final-results HTTP/1.1" 404 158 "-" "PostmanRuntime/7.26.5"
::1 - - [14/Oct/2020:15:32:20 +0000] "GET /admin/final-results HTTP/1.1" - - "-" "PostmanRuntime/7.26.5"
::1 - - [14/Oct/2020:15:33:53 +0000] "GET /admin/final-results HTTP/1.1" 200 32884 "-" "PostmanRuntime/7.26.5"
::1 - - [14/Oct/2020:15:37:03 +0000] "POST /admin/login HTTP/1.1" 200 240 "-" "PostmanRuntime/7.26.5"
::1 - - [14/Oct/2020:15:37:18 +0000] "GET /admin/final-results HTTP/1.1" 200 32884 "-" "PostmanRuntime/7.26.5"
::1 - - [14/Oct/2020:15:40:23 +0000] "GET /admin/final-results HTTP/1.1" 200 32884 "-" "PostmanRuntime/7.26.5"
::1 - - [14/Oct/2020:15:46:37 +0000] "GET /admin/final-results HTTP/1.1" 200 32884 "-" "PostmanRuntime/7.26.5"
::1 - - [14/Oct/2020:15:51:43 +0000] "GET /admin/final-results HTTP/1.1" 200 6408 "-" "PostmanRuntime/7.26.5"
::1 - - [14/Oct/2020:15:55:17 +0000] "GET /admin/final-results HTTP/1.1" 200 19265 "-" "PostmanRuntime/7.26.5"
::1 - - [14/Oct/2020:16:07:40 +0000] "OPTIONS /degustator/login HTTP/1.1" 200 4 "http://localhost:3000/" "Mozilla/5.0 (X11; Linux x86_64) AppleWebKit/537.36 (KHTML, like Gecko) Chrome/87.0.4280.11 Safari/537.36"
::1 - - [14/Oct/2020:16:07:41 +0000] "POST /degustator/login HTTP/1.1" 200 333 "http://localhost:3000/" "Mozilla/5.0 (X11; Linux x86_64) AppleWebKit/537.36 (KHTML, like Gecko) Chrome/87.0.4280.11 Safari/537.36"
::1 - - [14/Oct/2020:16:07:42 +0000] "OPTIONS /degustator/results HTTP/1.1" 200 13 "http://localhost:3000/results" "Mozilla/5.0 (X11; Linux x86_64) AppleWebKit/537.36 (KHTML, like Gecko) Chrome/87.0.4280.11 Safari/537.36"
::1 - - [14/Oct/2020:16:07:43 +0000] "GET /degustator/results HTTP/1.1" 200 10223 "http://localhost:3000/results" "Mozilla/5.0 (X11; Linux x86_64) AppleWebKit/537.36 (KHTML, like Gecko) Chrome/87.0.4280.11 Safari/537.36"
::1 - - [14/Oct/2020:16:11:27 +0000] "GET /admin/final-results/5f8305ed5e16a41b9a2c823e HTTP/1.1" 500 108 "-" "PostmanRuntime/7.26.5"
::1 - - [14/Oct/2020:16:11:55 +0000] "GET /admin/final-results/5f8305ed5e16a41b9a2c823e HTTP/1.1" 200 1170 "-" "PostmanRuntime/7.26.5"
::1 - - [14/Oct/2020:16:13:34 +0000] "GET /admin/final-results/5f8305ed5e16a41b9a2c823e HTTP/1.1" 200 857 "-" "PostmanRuntime/7.26.5"
::1 - - [14/Oct/2020:16:17:50 +0000] "GET /admin/final-results/5f8305ed5e16a41b9a2c823e HTTP/1.1" 200 857 "-" "PostmanRuntime/7.26.5"
::1 - - [14/Oct/2020:16:18:22 +0000] "GET /admin/final-results/5f8305ed5e16a41b9a2c823e HTTP/1.1" 200 857 "-" "PostmanRuntime/7.26.5"
::1 - - [14/Oct/2020:16:19:33 +0000] "GET /admin/final-results/5f8305ed5e16a41b9a2c823e HTTP/1.1" 200 857 "-" "PostmanRuntime/7.26.5"
::1 - - [14/Oct/2020:16:20:52 +0000] "GET /admin/final-results/5f8305ed5e16a41b9a2c823e HTTP/1.1" 200 857 "-" "PostmanRuntime/7.26.5"
::1 - - [14/Oct/2020:16:21:33 +0000] "GET /admin/final-results/5f8305ed5e16a41b9a2c823e HTTP/1.1" 200 101 "-" "PostmanRuntime/7.26.5"
::1 - - [14/Oct/2020:16:21:47 +0000] "GET /admin/final-results/5f8305ed5e16a41b9a2c823e HTTP/1.1" 200 857 "-" "PostmanRuntime/7.26.5"
::1 - - [14/Oct/2020:16:22:31 +0000] "GET /admin/final-results/5f8305ed5e16a41b9a2c823e HTTP/1.1" 200 3274 "-" "PostmanRuntime/7.26.5"
::1 - - [14/Oct/2020:16:24:09 +0000] "GET /admin/final-results/5f8305ed5e16a41b9a2c823e HTTP/1.1" 200 857 "-" "PostmanRuntime/7.26.5"
::1 - - [14/Oct/2020:16:24:28 +0000] "GET /admin/final-results/5f8305ed5e16a41b9a2c823e HTTP/1.1" 200 3274 "-" "PostmanRuntime/7.26.5"
::1 - - [14/Oct/2020:16:25:04 +0000] "GET /admin/final-results/5f8305ed5e16a41b9a2c823e HTTP/1.1" 200 857 "-" "PostmanRuntime/7.26.5"
::1 - - [14/Oct/2020:16:25:19 +0000] "GET /admin/final-results/5f8305ed5e16a41b9a2c823e HTTP/1.1" 200 3274 "-" "PostmanRuntime/7.26.5"
::1 - - [14/Oct/2020:16:26:36 +0000] "GET /admin/final-results/5f8305ed5e16a41b9a2c823e HTTP/1.1" 200 5476 "-" "PostmanRuntime/7.26.5"
::1 - - [14/Oct/2020:16:40:32 +0000] "GET /admin/final-results/5f8305ed5e16a41b9a2c823e HTTP/1.1" 500 59 "-" "PostmanRuntime/7.26.5"
::1 - - [14/Oct/2020:16:41:22 +0000] "GET /admin/final-results/5f8305ed5e16a41b9a2c823e HTTP/1.1" 500 59 "-" "PostmanRuntime/7.26.5"
::1 - - [14/Oct/2020:16:45:45 +0000] "GET /admin/final-results/5f8305ed5e16a41b9a2c823e HTTP/1.1" 500 59 "-" "PostmanRuntime/7.26.5"
::1 - - [14/Oct/2020:16:46:47 +0000] "GET /admin/final-results/5f8305ed5e16a41b9a2c823e HTTP/1.1" 500 59 "-" "PostmanRuntime/7.26.5"
::1 - - [14/Oct/2020:16:47:14 +0000] "GET /admin/final-results/5f8305ed5e16a41b9a2c823e HTTP/1.1" 500 59 "-" "PostmanRuntime/7.26.5"
::1 - - [14/Oct/2020:16:48:07 +0000] "GET /admin/final-results/5f8305ed5e16a41b9a2c823e HTTP/1.1" 500 59 "-" "PostmanRuntime/7.26.5"
::1 - - [14/Oct/2020:16:50:33 +0000] "GET /admin/final-results/5f8305ed5e16a41b9a2c823e HTTP/1.1" 200 1373 "-" "PostmanRuntime/7.26.5"
::1 - - [14/Oct/2020:16:53:12 +0000] "GET /admin/final-results/5f8305ed5e16a41b9a2c823e HTTP/1.1" 200 418 "-" "PostmanRuntime/7.26.5"
::1 - - [14/Oct/2020:16:54:11 +0000] "GET /admin/final-results/5f8305ed5e16a41b9a2c823e HTTP/1.1" 200 1373 "-" "PostmanRuntime/7.26.5"
::1 - - [14/Oct/2020:16:55:47 +0000] "GET /admin/final-results/5f8305ed5e16a41b9a2c823e HTTP/1.1" 200 1060 "-" "PostmanRuntime/7.26.5"
::1 - - [14/Oct/2020:16:57:54 +0000] "GET /admin/final-results/5f8305ed5e16a41b9a2c823e HTTP/1.1" 200 517 "-" "PostmanRuntime/7.26.5"
::1 - - [14/Oct/2020:16:59:56 +0000] "GET /admin/final-results/5f8305ed5e16a41b9a2c823e HTTP/1.1" 200 517 "-" "PostmanRuntime/7.26.5"
::1 - - [14/Oct/2020:17:13:13 +0000] "GET /admin/final-results/5f83109ee8af84252df4dcc4 HTTP/1.1" 404 59 "-" "PostmanRuntime/7.26.5"
::1 - - [14/Oct/2020:17:14:21 +0000] "GET /admin/final-results/wine/5f8305ed5e16a41b9a2c823e HTTP/1.1" 200 517 "-" "PostmanRuntime/7.26.5"
::1 - - [14/Oct/2020:17:14:37 +0000] "GET /admin/final-results/result/5f83109ee8af84252df4dcc4 HTTP/1.1" - - "-" "PostmanRuntime/7.26.5"
::1 - - [14/Oct/2020:17:17:06 +0000] "GET /admin/final-results/result/5f83109ee8af84252df4dcc4 HTTP/1.1" - - "-" "PostmanRuntime/7.26.5"
::1 - - [14/Oct/2020:17:18:21 +0000] "GET /admin/final-results/result/5f83109ee8af84252df4dcc4 HTTP/1.1" 200 591 "-" "PostmanRuntime/7.26.5"
::1 - - [14/Oct/2020:17:19:23 +0000] "GET /admin/final-results/result/5f83109ee8af84252df4dcc4 HTTP/1.1" 200 265 "-" "PostmanRuntime/7.26.5"
::1 - - [14/Oct/2020:17:19:46 +0000] "GET /admin/final-results/result/5f83109ee8af84252df4dcc4 HTTP/1.1" 200 591 "-" "PostmanRuntime/7.26.5"
::1 - - [14/Oct/2020:17:20:03 +0000] "GET /admin/final-results/result/5f83109ee8af84252df4dcc4 HTTP/1.1" 200 89 "-" "PostmanRuntime/7.26.5"
::1 - - [14/Oct/2020:17:20:13 +0000] "GET /admin/final-results/result/5f83109ee8af84252df4dcc4 HTTP/1.1" 200 310 "-" "PostmanRuntime/7.26.5"
::1 - - [14/Oct/2020:17:20:24 +0000] "GET /admin/final-results/result/5f83109ee8af84252df4dcc4 HTTP/1.1" 200 591 "-" "PostmanRuntime/7.26.5"
::1 - - [14/Oct/2020:17:21:45 +0000] "GET /admin/final-results/result/5f83109ee8af84252df4dcc4 HTTP/1.1" 200 395 "-" "PostmanRuntime/7.26.5"
::1 - - [14/Oct/2020:17:23:35 +0000] "GET /admin/final-results/result/5f83109ee8af84252df4dcc4 HTTP/1.1" 200 395 "-" "PostmanRuntime/7.26.5"
::1 - - [14/Oct/2020:17:38:00 +0000] "GET /admin/final-results/group HTTP/1.1" 404 164 "-" "PostmanRuntime/7.26.5"
::1 - - [14/Oct/2020:17:38:12 +0000] "GET /admin/final-results/groups HTTP/1.1" 200 34898 "-" "PostmanRuntime/7.26.5"
::1 - - [14/Oct/2020:17:38:48 +0000] "GET /admin/final-results/groups HTTP/1.1" 200 35 "-" "PostmanRuntime/7.26.5"
::1 - - [14/Oct/2020:17:38:55 +0000] "GET /admin/final-results/groups HTTP/1.1" 200 35 "-" "PostmanRuntime/7.26.5"
::1 - - [14/Oct/2020:17:39:03 +0000] "GET /admin/final-results/groups HTTP/1.1" 200 34898 "-" "PostmanRuntime/7.26.5"
::1 - - [14/Oct/2020:17:39:24 +0000] "GET /admin/final-results/groups HTTP/1.1" 200 35 "-" "PostmanRuntime/7.26.5"
::1 - - [14/Oct/2020:17:39:25 +0000] "GET /admin/final-results/groups HTTP/1.1" 200 35 "-" "PostmanRuntime/7.26.5"
::1 - - [14/Oct/2020:17:39:25 +0000] "GET /admin/final-results/groups HTTP/1.1" 200 35 "-" "PostmanRuntime/7.26.5"
::1 - - [14/Oct/2020:17:39:37 +0000] "GET /admin/final-results/groups HTTP/1.1" 200 34898 "-" "PostmanRuntime/7.26.5"
::1 - - [14/Oct/2020:17:42:54 +0000] "GET /admin/final-results/groups HTTP/1.1" 200 2303 "-" "PostmanRuntime/7.26.5"
::1 - - [14/Oct/2020:17:43:18 +0000] "GET /admin/final-results/groups HTTP/1.1" 200 416 "-" "PostmanRuntime/7.26.5"
::1 - - [14/Oct/2020:17:52:08 +0000] "GET /admin/final-results/group/5f831072e8af84252df4dcc3 HTTP/1.1" 200 1668 "-" "PostmanRuntime/7.26.5"
