{"message":"::1 - - [06/Nov/2020:14:25:29 +0000] \"OPTIONS /admin/final-results-category HTTP/1.1\" 200 8 \"http://localhost:3000/results-by-category\" \"Mozilla/5.0 (X11; Linux x86_64) AppleWebKit/537.36 (KHTML, like Gecko) Chrome/88.0.4315.5 Safari/537.36\"\n","level":"info"}
{"message":"::1 - - [06/Nov/2020:14:25:29 +0000] \"GET /admin/final-results-category HTTP/1.1\" 500 2036 \"http://localhost:3000/results-by-category\" \"Mozilla/5.0 (X11; Linux x86_64) AppleWebKit/537.36 (KHTML, like Gecko) Chrome/88.0.4315.5 Safari/537.36\"\n","level":"info"}
{"message":"::1 - - [06/Nov/2020:14:25:47 +0000] \"OPTIONS /admin/final-results-category HTTP/1.1\" 200 8 \"http://localhost:3000/results-by-category\" \"Mozilla/5.0 (X11; Linux x86_64) AppleWebKit/537.36 (KHTML, like Gecko) Chrome/88.0.4315.5 Safari/537.36\"\n","level":"info"}
{"message":"::1 - - [06/Nov/2020:14:25:47 +0000] \"GET /admin/final-results-category HTTP/1.1\" 500 53 \"http://localhost:3000/results-by-category\" \"Mozilla/5.0 (X11; Linux x86_64) AppleWebKit/537.36 (KHTML, like Gecko) Chrome/88.0.4315.5 Safari/537.36\"\n","level":"info"}
{"message":"::1 - - [06/Nov/2020:14:26:09 +0000] \"OPTIONS /admin/final-results-category HTTP/1.1\" 200 8 \"http://localhost:3000/results-by-category\" \"Mozilla/5.0 (X11; Linux x86_64) AppleWebKit/537.36 (KHTML, like Gecko) Chrome/88.0.4315.5 Safari/537.36\"\n","level":"info"}
{"message":"::1 - - [06/Nov/2020:14:26:09 +0000] \"GET /admin/final-results-category HTTP/1.1\" 500 53 \"http://localhost:3000/results-by-category\" \"Mozilla/5.0 (X11; Linux x86_64) AppleWebKit/537.36 (KHTML, like Gecko) Chrome/88.0.4315.5 Safari/537.36\"\n","level":"info"}
{"message":"::1 - - [06/Nov/2020:14:28:22 +0000] \"OPTIONS /admin/degustation-settings HTTP/1.1\" 200 12 \"http://localhost:3000/degustation-setting\" \"Mozilla/5.0 (X11; Linux x86_64) AppleWebKit/537.36 (KHTML, like Gecko) Chrome/88.0.4315.5 Safari/537.36\"\n","level":"info"}
{"message":"::1 - - [06/Nov/2020:14:28:22 +0000] \"GET /admin/degustation-settings HTTP/1.1\" 304 - \"http://localhost:3000/degustation-setting\" \"Mozilla/5.0 (X11; Linux x86_64) AppleWebKit/537.36 (KHTML, like Gecko) Chrome/88.0.4315.5 Safari/537.36\"\n","level":"info"}
{"message":"::1 - - [06/Nov/2020:14:28:25 +0000] \"GET /admin/degustation-settings HTTP/1.1\" 304 - \"http://localhost:3000/adminzone\" \"Mozilla/5.0 (X11; Linux x86_64) AppleWebKit/537.36 (KHTML, like Gecko) Chrome/88.0.4315.5 Safari/537.36\"\n","level":"info"}
{"message":"::1 - - [06/Nov/2020:14:28:26 +0000] \"OPTIONS /admin/wine-list HTTP/1.1\" 200 20 \"http://localhost:3000/editwine\" \"Mozilla/5.0 (X11; Linux x86_64) AppleWebKit/537.36 (KHTML, like Gecko) Chrome/88.0.4315.5 Safari/537.36\"\n","level":"info"}
{"message":"::1 - - [06/Nov/2020:14:28:27 +0000] \"GET /admin/wine-list HTTP/1.1\" 304 - \"http://localhost:3000/editwine\" \"Mozilla/5.0 (X11; Linux x86_64) AppleWebKit/537.36 (KHTML, like Gecko) Chrome/88.0.4315.5 Safari/537.36\"\n","level":"info"}
{"message":"::1 - - [06/Nov/2020:14:37:09 +0000] \"OPTIONS /admin/degustation-settings HTTP/1.1\" 200 12 \"http://localhost:3000/adminzone\" \"Mozilla/5.0 (X11; Linux x86_64) AppleWebKit/537.36 (KHTML, like Gecko) Chrome/88.0.4315.5 Safari/537.36\"\n","level":"info"}
{"message":"::1 - - [06/Nov/2020:14:37:09 +0000] \"GET /admin/degustation-settings HTTP/1.1\" 304 - \"http://localhost:3000/adminzone\" \"Mozilla/5.0 (X11; Linux x86_64) AppleWebKit/537.36 (KHTML, like Gecko) Chrome/88.0.4315.5 Safari/537.36\"\n","level":"info"}
{"message":"::1 - - [06/Nov/2020:14:37:10 +0000] \"OPTIONS /admin/wine-list HTTP/1.1\" 200 20 \"http://localhost:3000/editwine\" \"Mozilla/5.0 (X11; Linux x86_64) AppleWebKit/537.36 (KHTML, like Gecko) Chrome/88.0.4315.5 Safari/537.36\"\n","level":"info"}
{"message":"::1 - - [06/Nov/2020:14:37:10 +0000] \"GET /admin/wine-list HTTP/1.1\" 304 - \"http://localhost:3000/editwine\" \"Mozilla/5.0 (X11; Linux x86_64) AppleWebKit/537.36 (KHTML, like Gecko) Chrome/88.0.4315.5 Safari/537.36\"\n","level":"info"}
{"message":"::1 - - [06/Nov/2020:14:37:12 +0000] \"GET /admin/degustation-settings HTTP/1.1\" 304 - \"http://localhost:3000/adminzone\" \"Mozilla/5.0 (X11; Linux x86_64) AppleWebKit/537.36 (KHTML, like Gecko) Chrome/88.0.4315.5 Safari/537.36\"\n","level":"info"}
{"message":"::1 - - [06/Nov/2020:14:37:14 +0000] \"OPTIONS /admin//final-results-groups HTTP/1.1\" 200 8 \"http://localhost:3000/results-by-deg-group\" \"Mozilla/5.0 (X11; Linux x86_64) AppleWebKit/537.36 (KHTML, like Gecko) Chrome/88.0.4315.5 Safari/537.36\"\n","level":"info"}
{"message":"::1 - - [06/Nov/2020:14:37:14 +0000] \"GET /admin//final-results-groups HTTP/1.1\" 500 2047 \"http://localhost:3000/results-by-deg-group\" \"Mozilla/5.0 (X11; Linux x86_64) AppleWebKit/537.36 (KHTML, like Gecko) Chrome/88.0.4315.5 Safari/537.36\"\n","level":"info"}
{"message":"::1 - - [06/Nov/2020:14:38:29 +0000] \"OPTIONS /admin/final-results-category HTTP/1.1\" 200 8 \"http://localhost:3000/results-by-category\" \"Mozilla/5.0 (X11; Linux x86_64) AppleWebKit/537.36 (KHTML, like Gecko) Chrome/88.0.4315.5 Safari/537.36\"\n","level":"info"}
{"message":"::1 - - [06/Nov/2020:14:38:29 +0000] \"GET /admin/final-results-category HTTP/1.1\" 500 2061 \"http://localhost:3000/results-by-category\" \"Mozilla/5.0 (X11; Linux x86_64) AppleWebKit/537.36 (KHTML, like Gecko) Chrome/88.0.4315.5 Safari/537.36\"\n","level":"info"}
{"message":"::1 - - [06/Nov/2020:14:38:47 +0000] \"OPTIONS /admin//final-results-groups HTTP/1.1\" 200 8 \"http://localhost:3000/results-by-deg-group\" \"Mozilla/5.0 (X11; Linux x86_64) AppleWebKit/537.36 (KHTML, like Gecko) Chrome/88.0.4315.5 Safari/537.36\"\n","level":"info"}
{"message":"::1 - - [06/Nov/2020:14:38:47 +0000] \"GET /admin//final-results-groups HTTP/1.1\" 500 2047 \"http://localhost:3000/results-by-deg-group\" \"Mozilla/5.0 (X11; Linux x86_64) AppleWebKit/537.36 (KHTML, like Gecko) Chrome/88.0.4315.5 Safari/537.36\"\n","level":"info"}
{"message":"::1 - - [06/Nov/2020:14:39:07 +0000] \"OPTIONS /admin//final-results-groups HTTP/1.1\" 200 8 \"http://localhost:3000/results-by-deg-group\" \"Mozilla/5.0 (X11; Linux x86_64) AppleWebKit/537.36 (KHTML, like Gecko) Chrome/88.0.4315.5 Safari/537.36\"\n","level":"info"}
{"message":"::1 - - [06/Nov/2020:14:39:07 +0000] \"GET /admin//final-results-groups HTTP/1.1\" 500 2020 \"http://localhost:3000/results-by-deg-group\" \"Mozilla/5.0 (X11; Linux x86_64) AppleWebKit/537.36 (KHTML, like Gecko) Chrome/88.0.4315.5 Safari/537.36\"\n","level":"info"}
{"message":"::1 - - [06/Nov/2020:14:39:27 +0000] \"OPTIONS /admin//final-results-groups HTTP/1.1\" 200 8 \"http://localhost:3000/results-by-deg-group\" \"Mozilla/5.0 (X11; Linux x86_64) AppleWebKit/537.36 (KHTML, like Gecko) Chrome/88.0.4315.5 Safari/537.36\"\n","level":"info"}
{"message":"500 - Cannot read property '_id' of undefined - /admin//final-results-groups - GET - ::1","level":"error"}
{"message":"::1 - - [06/Nov/2020:14:39:27 +0000] \"GET /admin//final-results-groups HTTP/1.1\" 500 2423 \"http://localhost:3000/results-by-deg-group\" \"Mozilla/5.0 (X11; Linux x86_64) AppleWebKit/537.36 (KHTML, like Gecko) Chrome/88.0.4315.5 Safari/537.36\"\n","level":"info"}
{"message":"::1 - - [06/Nov/2020:14:39:55 +0000] \"OPTIONS /admin//final-results-groups HTTP/1.1\" 200 8 \"http://localhost:3000/results-by-deg-group\" \"Mozilla/5.0 (X11; Linux x86_64) AppleWebKit/537.36 (KHTML, like Gecko) Chrome/88.0.4315.5 Safari/537.36\"\n","level":"info"}
{"message":"500 - Cannot read property '_id' of undefined - /admin//final-results-groups - GET - ::1","level":"error"}
{"message":"::1 - - [06/Nov/2020:14:39:55 +0000] \"GET /admin//final-results-groups HTTP/1.1\" 500 2423 \"http://localhost:3000/results-by-deg-group\" \"Mozilla/5.0 (X11; Linux x86_64) AppleWebKit/537.36 (KHTML, like Gecko) Chrome/88.0.4315.5 Safari/537.36\"\n","level":"info"}
{"message":"::1 - - [06/Nov/2020:14:40:16 +0000] \"OPTIONS /admin//final-results-groups HTTP/1.1\" 200 8 \"http://localhost:3000/results-by-deg-group\" \"Mozilla/5.0 (X11; Linux x86_64) AppleWebKit/537.36 (KHTML, like Gecko) Chrome/88.0.4315.5 Safari/537.36\"\n","level":"info"}
{"message":"500 - Cannot read property '_id' of undefined - /admin//final-results-groups - GET - ::1","level":"error"}
{"message":"::1 - - [06/Nov/2020:14:40:16 +0000] \"GET /admin//final-results-groups HTTP/1.1\" 500 53 \"http://localhost:3000/results-by-deg-group\" \"Mozilla/5.0 (X11; Linux x86_64) AppleWebKit/537.36 (KHTML, like Gecko) Chrome/88.0.4315.5 Safari/537.36\"\n","level":"info"}
{"message":"::1 - - [06/Nov/2020:14:42:04 +0000] \"OPTIONS /admin/final-results-category HTTP/1.1\" 200 8 \"http://localhost:3000/results-by-category\" \"Mozilla/5.0 (X11; Linux x86_64) AppleWebKit/537.36 (KHTML, like Gecko) Chrome/88.0.4315.5 Safari/537.36\"\n","level":"info"}
{"message":"500 - Cannot read property '_id' of undefined undefined - /admin/final-results-category - GET - ::1","level":"error"}
{"message":"::1 - - [06/Nov/2020:14:42:04 +0000] \"GET /admin/final-results-category HTTP/1.1\" 500 53 \"http://localhost:3000/results-by-category\" \"Mozilla/5.0 (X11; Linux x86_64) AppleWebKit/537.36 (KHTML, like Gecko) Chrome/88.0.4315.5 Safari/537.36\"\n","level":"info"}
{"message":"::1 - - [06/Nov/2020:14:44:23 +0000] \"OPTIONS /admin/degustation-settings HTTP/1.1\" 200 12 \"http://localhost:3000/adminzone\" \"Mozilla/5.0 (X11; Linux x86_64) AppleWebKit/537.36 (KHTML, like Gecko) Chrome/88.0.4315.5 Safari/537.36\"\n","level":"info"}
{"message":"::1 - - [06/Nov/2020:14:44:23 +0000] \"GET /admin/degustation-settings HTTP/1.1\" 304 - \"http://localhost:3000/adminzone\" \"Mozilla/5.0 (X11; Linux x86_64) AppleWebKit/537.36 (KHTML, like Gecko) Chrome/88.0.4315.5 Safari/537.36\"\n","level":"info"}
{"message":"::1 - - [06/Nov/2020:14:44:24 +0000] \"OPTIONS /admin/wine-list HTTP/1.1\" 200 20 \"http://localhost:3000/editwine\" \"Mozilla/5.0 (X11; Linux x86_64) AppleWebKit/537.36 (KHTML, like Gecko) Chrome/88.0.4315.5 Safari/537.36\"\n","level":"info"}
{"message":"::1 - - [06/Nov/2020:14:44:24 +0000] \"GET /admin/wine-list HTTP/1.1\" 304 - \"http://localhost:3000/editwine\" \"Mozilla/5.0 (X11; Linux x86_64) AppleWebKit/537.36 (KHTML, like Gecko) Chrome/88.0.4315.5 Safari/537.36\"\n","level":"info"}
{"message":"::1 - - [06/Nov/2020:14:44:26 +0000] \"GET /admin/degustation-settings HTTP/1.1\" 304 - \"http://localhost:3000/adminzone\" \"Mozilla/5.0 (X11; Linux x86_64) AppleWebKit/537.36 (KHTML, like Gecko) Chrome/88.0.4315.5 Safari/537.36\"\n","level":"info"}
{"message":"::1 - - [06/Nov/2020:14:51:22 +0000] \"OPTIONS /admin//final-results-groups HTTP/1.1\" 200 8 \"http://localhost:3000/results-by-deg-group\" \"Mozilla/5.0 (X11; Linux x86_64) AppleWebKit/537.36 (KHTML, like Gecko) Chrome/88.0.4315.5 Safari/537.36\"\n","level":"info"}
{"message":"500 - Cannot read property '_id' of undefined - undefined - /admin//final-results-groups - GET - ::1","level":"error"}
{"message":"::1 - - [06/Nov/2020:14:51:22 +0000] \"GET /admin//final-results-groups HTTP/1.1\" 500 53 \"http://localhost:3000/results-by-deg-group\" \"Mozilla/5.0 (X11; Linux x86_64) AppleWebKit/537.36 (KHTML, like Gecko) Chrome/88.0.4315.5 Safari/537.36\"\n","level":"info"}
