{"message":"401 - Nesprávne prihlasovacie meno - undefined - /degustator/login - POST - ::1","level":"error"}
{"message":"409 - Víno ste už hodnotili, zadajte prosím iné číslo vína - undefined - /degustator/wine-list/9 - GET - ::1","level":"error"}
{"message":"409 - Víno ste už hodnotili, zadajte prosím iné číslo vína - undefined - /degustator/wine-list/10 - GET - ::1","level":"error"}
{"message":"409 - Víno ste už hodnotili, zadajte prosím iné číslo vína - undefined - /degustator/wine-list/1 - GET - ::1","level":"error"}
{"message":"409 - Víno ste už hodnotili, zadajte prosím iné číslo vína - undefined - /degustator/wine-list/2 - GET - ::1","level":"error"}
{"message":"409 - Víno ste už hodnotili, zadajte prosím iné číslo vína - undefined - /degustator/wine-list/3 - GET - ::1","level":"error"}
{"message":"409 - Víno ste už hodnotili, zadajte prosím iné číslo vína - undefined - /degustator/wine-list/10 - GET - ::1","level":"error"}
{"message":"409 - Víno ste už hodnotili, zadajte prosím iné číslo vína - undefined - /degustator/wine-list/9 - GET - ::1","level":"error"}
{"message":"409 - Víno ste už hodnotili, zadajte prosím iné číslo vína - undefined - /degustator/wine-list/8 - GET - ::1","level":"error"}
{"message":"409 - Víno ste už hodnotili, zadajte prosím iné číslo vína - undefined - /degustator/wine-list/6 - GET - ::1","level":"error"}
{"message":"401 - Nesprávne heslo - undefined - /admin/login - POST - ::1","level":"error"}
{"message":"401 - Nesprávne prihlasovacie meno - undefined - /admin/login - POST - ::1","level":"error"}
{"message":"401 - Nesprávne heslo - undefined - /degustator/login - POST - ::1","level":"error"}
{"message":"409 - Víno ste už hodnotili, zadajte prosím iné číslo vína - undefined - /degustator/wine-list/1 - GET - ::1","level":"error"}
{"message":"409 - Víno ste už hodnotili, zadajte prosím iné číslo vína - undefined - /degustator/wine-list/1 - GET - ::1","level":"error"}
{"message":"409 - Víno ste už hodnotili, zadajte prosím iné číslo vína - undefined - /degustator/wine-list/4 - GET - ::1","level":"error"}
{"message":"409 - Víno ste už hodnotili, zadajte prosím iné číslo vína - undefined - /degustator/wine-list/2 - GET - ::1","level":"error"}
{"message":"403 - Degustácia je zatvorená, kontaktuj administrátora - undefined - /degustator/login - POST - ::1","level":"error"}
{"message":"401 - Nesprávne heslo - undefined - /admin/login - POST - ::1","level":"error"}
{"message":"409 - Víno ste už hodnotili, zadajte prosím iné číslo vína - undefined - /degustator/wine-list/1 - GET - ::1","level":"error"}
{"message":"403 - Degustácia je zatvorená, kontaktuj administrátora - undefined - /degustator/login - POST - ::1","level":"error"}
{"message":"404 - Súbor sa nedá stiahnuť - undefined - /admin/download-logs - GET - ::1","level":"error"}
{"message":"404 - Súbor sa nedá stiahnuť - undefined - /admin/download-logs - GET - ::1","level":"error"}
{"message":"404 - Súbor sa nedá stiahnuť - undefined - /admin/download-logs - GET - ::1","level":"error"}
{"message":"404 - Súbor sa nedá stiahnuť - undefined - /admin/download-logs - GET - ::1","level":"error"}
