2020/10/20/14:14:38 skupina: A degustátor: 1 víno: 1 eliminované: Nie kategoria vína: Dobré hodnotenie: 80 
2020/10/20/14:20:18 skupina: A degustátor: 1 víno: 3 eliminované: Nie kategoria vína: Veľmi dobré hodnotenie: 87 
2020/10/20/17:50:45 skupina: A degustátor: 1 víno: 5 eliminované: Nie kategoria vína: Dobré hodnotenie: 80 
2020/10/20/17:51:42 skupina: B degustátor: 2 víno: 2 eliminované: Nie kategoria vína: Priemerné hodnotenie: 77 
2020/10/22/14:35:03 skupina: A degustátor: 1 víno: 7 eliminované: Nie kategoria vína: Veľmi dobré hodnotenie: 89 
2020/10/22/14:37:57 skupina: B degustátor: 2 víno: 4 eliminované: Nie kategoria vína: Veľmi dobré hodnotenie: 87 
2020/10/23/19:12:11 skupina: A degustátor: 1 víno: 1 eliminované: Nie kategoria vína: Veľmi dobré hodnotenie: 89 
2020/10/23/19:12:25 skupina: A degustátor: 1 víno: 3 eliminované: Nie kategoria vína: Priemerné hodnotenie: 77 
2020/10/23/19:12:48 skupina: A degustátor: 1 víno: 5 eliminované: Nie kategoria vína: Dobré hodnotenie: 82 
2020/10/23/19:13:00 skupina: A degustátor: 1 víno: 6 eliminované: Nie kategoria vína: Priemerné hodnotenie: 75 
2020/10/23/19:13:09 skupina: A degustátor: 1 víno: 8 eliminované: Nie kategoria vína: Priemerné hodnotenie: 65 
2020/10/24/15:02:44 skupina: A degustátor: 3 víno: 1 eliminované: Nie kategoria vína: Priemerné hodnotenie: 73 
2020/10/24/15:02:59 skupina: A degustátor: 3 víno: 3 eliminované: Nie kategoria vína: Priemerné hodnotenie: 77 
2020/10/24/15:03:08 skupina: A degustátor: 3 víno: 5 eliminované: Nie kategoria vína: Podpriemerné hodnotenie: 57 
2020/10/24/15:03:17 skupina: A degustátor: 3 víno: 6 eliminované: Nie kategoria vína: Priemerné hodnotenie: 68 
2020/10/24/15:03:28 skupina: A degustátor: 3 víno: 8 eliminované: Nie kategoria vína: Dobré hodnotenie: 80 
2020/10/24/19:49:55 skupina: B degustátor: 2 víno: 2 eliminované: Nie kategoria vína: Vynikajúce hodnotenie: 97 
2020/10/24/19:51:14 skupina: B degustátor: 2 víno: 4 eliminované: Áno kategoria vína: eliminované hodnotenie: eliminované 
2020/10/24/19:51:26 skupina: B degustátor: 2 víno: 9 eliminované: Nie kategoria vína: Priemerné hodnotenie: 77 
2020/10/24/19:52:34 skupina: B degustátor: 2 víno: 10 eliminované: Áno kategoria vína: eliminované hodnotenie: eliminované 
2020/10/28/19:12:34 skupina: A degustátor: 4 víno: 1 eliminované: Nie kategoria vína: Dobré hodnotenie: 81 
2020/10/31/17:17:15 skupina: A degustátor: 1 víno: 1 eliminované: Nie kategoria vína: Priemerné hodnotenie: 71 
2020/10/31/17:17:31 skupina: A degustátor: 1 víno: 3 eliminované: Nie kategoria vína: Priemerné hodnotenie: 78 
2020/10/31/17:17:43 skupina: A degustátor: 1 víno: 4 eliminované: Nie kategoria vína: Priemerné hodnotenie: 76 
2020/10/31/17:17:52 skupina: A degustátor: 1 víno: 7 eliminované: Nie kategoria vína: Priemerné hodnotenie: 77 
2020/10/31/17:18:01 skupina: A degustátor: 1 víno: 9 eliminované: Nie kategoria vína: Priemerné hodnotenie: 75 
2020/10/31/17:18:52 skupina: B degustátor: 2 víno: 2 eliminované: Nie kategoria vína: Priemerné hodnotenie: 78 
2020/10/31/17:19:02 skupina: B degustátor: 2 víno: 5 eliminované: Nie kategoria vína: Priemerné hodnotenie: 75 
2020/10/31/17:19:14 skupina: B degustátor: 2 víno: 6 eliminované: Nie kategoria vína: Priemerné hodnotenie: 72 
2020/10/31/17:19:24 skupina: B degustátor: 2 víno: 8 eliminované: Nie kategoria vína: Priemerné hodnotenie: 77 
2020/10/31/17:19:33 skupina: B degustátor: 2 víno: 10 eliminované: Nie kategoria vína: Priemerné hodnotenie: 77 
2020/10/31/17:20:27 skupina: A degustátor: 3 víno: 1 eliminované: Nie kategoria vína: Priemerné hodnotenie: 78 
2020/10/31/17:20:40 skupina: A degustátor: 3 víno: 3 eliminované: Áno kategoria vína: eliminované hodnotenie: eliminované 
2020/10/31/17:20:50 skupina: A degustátor: 3 víno: 4 eliminované: Nie kategoria vína: Vynikajúce hodnotenie: 92 
2020/10/31/17:21:07 skupina: A degustátor: 3 víno: 7 eliminované: Nie kategoria vína: Vynikajúce hodnotenie: 91 
2020/10/31/17:21:17 skupina: A degustátor: 3 víno: 9 eliminované: Nie kategoria vína: Dobré hodnotenie: 82 
2020/10/31/17:21:46 skupina: B degustátor: 4 víno: 2 eliminované: Nie kategoria vína: Vynikajúce hodnotenie: 100 
2020/10/31/17:21:58 skupina: B degustátor: 4 víno: 5 eliminované: Nie kategoria vína: Priemerné hodnotenie: 65 
2020/10/31/17:22:07 skupina: B degustátor: 4 víno: 6 eliminované: Nie kategoria vína: Priemerné hodnotenie: 75 
2020/10/31/17:22:17 skupina: B degustátor: 4 víno: 8 eliminované: Nie kategoria vína: Priemerné hodnotenie: 76 
2020/10/31/17:22:25 skupina: B degustátor: 4 víno: 10 eliminované: Nie kategoria vína: Priemerné hodnotenie: 78 
2020/10/31/17:22:48 skupina: A degustátor: 5 víno: 1 eliminované: Áno kategoria vína: eliminované hodnotenie: eliminované 
2020/10/31/17:23:02 skupina: A degustátor: 5 víno: 3 eliminované: Nie kategoria vína: Priemerné hodnotenie: 77 
2020/10/31/17:23:18 skupina: A degustátor: 5 víno: 4 eliminované: Nie kategoria vína: Priemerné hodnotenie: 74 
2020/10/31/17:23:29 skupina: A degustátor: 5 víno: 7 eliminované: Nie kategoria vína: Priemerné hodnotenie: 78 
2020/10/31/17:23:37 skupina: A degustátor: 5 víno: 9 eliminované: Nie kategoria vína: Podpriemerné hodnotenie: 39 
2020/10/31/18:23:42 skupina: B degustátor: 10 víno: 2 eliminované: Nie kategoria vína: Priemerné hodnotenie: 77 
2020/10/31/18:31:20 skupina: B degustátor: 10 víno: 5 eliminované: Nie kategoria vína: Priemerné hodnotenie: 75 
2020/10/31/18:33:08 skupina: B degustátor: 10 víno: 6 eliminované: Nie kategoria vína: Dobré hodnotenie: 82 
